# DreamerAI Critical Errors Log

This log tracks critical errors encountered during execution that typically halt a process or cause significant failures (e.g., command failures, script crashes, unhandled exceptions).

**Format:** `[YYYY-MM-DD HH:MM:SS] - Error Encountered/Resolved: [Error Type/Message Summary] - Task: [Guide Day X Task Name] - Status: [Investigating/Resolved] - Fix: [Brief Fix Summary, if Resolved]`

---
*(Log entries start here)*

# DreamerAI Errors Log

[2025-04-14 20:36:55] - Error Identified: Batch script execution failed or produced incomplete/corrupt output via terminal tool. Task: Day 1 - Execute Batch Script. Status: Investigating.
[2025-04-14 20:45:49] - Error Resolved: Batch script execution failed via tool. Task: Day 1 - Execute Batch Script. Status: Resolved. Fix: User executed the script manually in Command Prompt.
[2025-04-14 21:21:45] - Error Identified: `pip install` failed building wheel for `tiktoken`. Reason: Rust compiler not found. Task: Day 2 - Install Python Dependencies. Status: Investigating. Update [2025-04-14 23:04:46]: Retry failed with same error after user reported Rust install. Update [2025-04-14 23:16:49]: 2nd Retry failed with same error after user verified rustc version. Possible tool/env path issue.
[2025-04-15 00:13:10] - Error Resolved: `pip install` failed building `tiktoken` via tool. Task: Day 2 - Install Python Dependencies. Status: Resolved. Fix: User installed dependencies manually after downgrading Python from 3.13.3 to 3.12.10 and generated requirements.txt.
[2025-04-15 01:25:00] - Error Resolved: pip install `tiktoken` failed (missing Rust build tools/possible Python 3.13 incompatibility), Task: Day 2 Environment & Dependencies, Fix: Downgraded Python to 3.11, installed Rust build tools, ran `pip install` manually.
[2025-04-15 02:25:00] - Error Encountered: Multiple `ValueError` / `TypeError` during `BaseAgent` test (`python -m engine.agents.base`), Task: Day 3 - Add test block to base.py / Test, Status: Investigating, Details: Related to Pydantic V2 initialization of `agent_chat_dir` attribute.
[2025-04-15 02:25:01] - Error Resolved: `BaseAgent` test failures, Task: Day 3 - Test, Fix: Refactored `agent_chat_dir` to use `Field(init=False)` and assigned value in `model_post_init`.
[2025-04-15 02:25:02] - Error Encountered: `git add` failed for ignored file, Task: Day 3 - Stage/Commit/Push, Status: Investigating, Details: `docs/logs/rules_check.log` ignored by `.gitignore`.
[2025-04-15 02:25:03] - Error Resolved: `git add` failed for ignored file, Task: Day 3 - Stage/Commit/Push, Fix: Used `git add -f`.
[2025-04-15 02:25:04] - Error Encountered: `git commit` failed via tool, Task: Day 3 - Stage/Commit/Push, Status: Investigating, Details: Command failed when piped, succeeded without pipe but with exit code 1.
[2025-04-15 02:25:05] - Error Resolved: `git commit` failure, Task: Day 3 - Stage/Commit/Push, Fix: `git push` succeeded, confirming commit was likely successful.
[Timestamp Placeholder] - Error Resolved: read_file tool failed. Task: Start of Day 5 Workflow (Check Logs). Status: Resolved. Fix: Attempted to read last 10 lines with invalid parameter (start_line_one_indexed < 1). Corrected by reading first 50 lines instead.
[Timestamp Placeholder] - Error Resolved: read_file tool failed. Task: Day 5 - Modify C:\DreamerAI\engine\core\server.py (Pre-Check). Status: Resolved. Fix: File 'engine/core/server.py' not found. Resolved by creating the file as per guide content instead of modifying.
[Timestamp Placeholder] - Error Mitigated: run_terminal_cmd interrupted. Task: Day 5 - Run the backend server. Status: Mitigated. Fix: Background command interrupted; server status requires user verification.