Action: Starting Task: Day 1 Initial Project Setup & Refined Configuration, Rules reviewed: Yes, Guide consulted: Yes, Env verified: NA, Timestamp: 2024-05-24 18:18:12 
Action: Retrying Day 1 Setup Script with Admin Privileges, Rules reviewed: Yes, Guide consulted: Yes, Env verified: NA, Timestamp: 2024-05-24 18:20:30 
Action: Retrying Day 1 Setup Script (2nd attempt) after interruption, Rules reviewed: Yes, Guide consulted: Yes, Env verified: NA, Timestamp: 2024-05-24 18:22:45 
Action: Starting Day 1 Setup (Step 1: Create Dirs), Rules reviewed: Yes, Guide consulted: Yes, Env verified: NA, Timestamp: 2024-05-24 18:25:15 
Action: Cleaning up Day 1 Setup (Step 1b: Delete incorrect dir), Rules reviewed: Yes, Guide consulted: Yes, Env verified: NA, Timestamp: 2024-05-24 18:28:10 
Action: Re-running Day 1 Setup (Step 1c: Create Dirs Cleanly), Rules reviewed: Yes, Guide consulted: Yes, Env verified: NA, Timestamp: 2024-05-24 18:31:55 
Action: Starting Day 1 Setup (Step 1d: Create Dirs via Batch File), Rules reviewed: Yes, Guide consulted: Yes, Env verified: NA, Timestamp: 2024-05-24 18:39:10 
Action: Starting Day 1 Setup (Step 2: Create Symlink), Rules reviewed: Yes, Guide consulted: Yes, Env verified: NA, Timestamp: 2024-05-24 18:43:15 
Action: Starting Day 1 Setup (Step 2b: Retry Symlink after Admin Check), Rules reviewed: Yes, Guide consulted: Yes, Env verified: NA, Timestamp: 2024-05-24 18:53:10 
Action: Starting Day 1 Setup (Step 2c: Verify Manual Symlink), Rules reviewed: Yes, Guide consulted: Yes, Env verified: NA, Timestamp: 2024-05-24 18:58:15 
Action: Starting Day 1 Setup (Step 3: Git Init & Config), Rules reviewed: Yes, Guide consulted: Yes, Env verified: NA, Timestamp: 2024-05-24 18:59:45 
Action: Starting Day 1 Setup (Step 4: Create .env.development), Rules reviewed: Yes, Guide consulted: Yes, Env verified: NA, Timestamp: 2024-05-24 19:03:00 
Action: Starting Day 1 Setup (Step 5: Create config.dev.toml), Rules reviewed: Yes, Guide consulted: Yes, Env verified: NA, Timestamp: 2024-05-24 19:04:10 
Action: Starting Day 1 Setup (Step 6: Create .gitignore), Rules reviewed: Yes, Guide consulted: Yes, Env verified: NA, Timestamp: 2024-05-24 19:05:15 
Action: Starting Day 1 Setup (Step 7: Initial Commit & Push), Rules reviewed: Yes, Guide consulted: Yes, Env verified: NA, Timestamp: 2024-05-24 19:06:30 
Action: Starting Task: Day 2 Environment Setup & Core Dependencies, Rules reviewed: Yes, Guide consulted: Yes, Env verified: NA, Timestamp: 2024-05-24 19:21:00 
Action: Starting Day 2 Env Setup (Step 2: Create venv), Rules reviewed: Yes, Guide consulted: Yes, Env verified: Yes (Python 3.13.3), Timestamp: 2024-05-24 19:27:45 
Action: Starting Day 2 Env Setup (Step 3: Activate venv), Rules reviewed: Yes, Guide consulted: Yes, Env verified: Yes, Timestamp: 2024-05-24 19:28:45 
Action: Starting Day 2 Env Setup (Step 4: Create requirements.txt), Rules reviewed: Yes, Guide consulted: Yes, Env verified: Yes (venv active), Timestamp: 2024-05-24 19:29:40 
Action: Starting Day 2 Env Setup (Step 5: Install Initial Deps), Rules reviewed: Yes, Guide consulted: Yes, Env verified: Yes (venv active), Timestamp: 2024-05-24 19:30:30 
Action: Starting Day 2 Env Setup (Step 6: Update requirements.txt), Rules reviewed: Yes, Guide consulted: Yes, Env verified: Yes (venv active), Timestamp: 2024-05-24 19:31:50 
Action: Starting Day 2 Env Setup (Step 7: Install Linters), Rules reviewed: Yes, Guide consulted: Yes, Env verified: Yes (venv active), Timestamp: 2024-05-24 19:32:55 
Action: Starting Day 2 Env Setup (Step 8: Create pyproject.toml), Rules reviewed: Yes, Guide consulted: Yes, Env verified: Yes (venv active), Timestamp: 2024-05-24 19:34:05 
Action: Starting Day 2 Env Setup (Step 9: Update requirements.txt again), Rules reviewed: Yes, Guide consulted: Yes, Env verified: Yes (venv active), Timestamp: 2024-05-24 19:35:10 
Action: Continuing Day 2 Env Setup (Step 10: Check Node/npm), Rules reviewed: Yes, Guide consulted: Yes, Env verified: Yes (venv active), Timestamp: 2024-05-24 19:41:00 
Action: Continuing Day 2 Env Setup (Step 11: npm init), Rules reviewed: Yes, Guide consulted: Yes, Env verified: Yes (venv active), Timestamp: 2024-05-24 19:42:15 
Action: Continuing Day 2 Env Setup (Step 12: Install FE Deps), Rules reviewed: Yes, Guide consulted: Yes, Env verified: Yes (venv active), Timestamp: 2024-05-24 19:43:30 
Action: Resuming Day 2 Env Setup (Step 2 Revised: Install Full Python Deps), Rules reviewed: Yes, Guide consulted: Yes, Env verified: Yes (venv active), Timestamp: 2024-05-24 19:49:00 
Action: Resuming Day 2 Env Setup (Step 3 GT: Update requirements.txt final), Rules reviewed: Yes, Guide consulted: Yes, Env verified: Yes (venv active), Timestamp: 2024-05-24 19:53:00 
Action: Resuming Day 2 Env Setup (Step 6 GT: Install Full Node Deps), Rules reviewed: Yes, Guide consulted: Yes, Env verified: Yes (venv active), Timestamp: 2024-05-24 19:55:00 
Action: Correcting Day 2 Env Setup (Step 6b GT: Uninstall n8n), Rules reviewed: Yes, Guide consulted: Yes, Env verified: Yes (venv active), Timestamp: 2024-05-24 20:11:00 
Action: Correcting Day 2 Env Setup (Step 6c GT: Install Missing Node Deps), Rules reviewed: Yes, Guide consulted: Yes, Env verified: Yes (venv active), Timestamp: 2024-05-24 20:12:30 
Action: Starting Day 2 Env Setup (Step 7 GT: Initialize ESLint), Rules reviewed: Yes, Guide consulted: Yes, Env verified: Yes (venv active), Timestamp: 2024-05-24 20:15:00 Action: Tested logger initialization, Rules reviewed: Yes, Guide consulted: Yes, Env verified: NA, Timestamp: 2025-04-10 19:35:02
Action: Starting Task: Day 4 Create app/main.js, Rules reviewed: Yes, Guide consulted: Yes, Env verified: NA, Timestamp: [YYYY-MM-DD HH:MM:SS]
Action: Tested logger initialization, Rules reviewed: Yes, Guide consulted: Yes, Env verified: NA, Timestamp: 2025-04-10 21:02:21
